[   130.226] (WW) Failed to open protocol names file lib/xorg/protocol.txt
[   130.227] 
X.Org X Server 1.20.10
X Protocol Version 11, Revision 0
[   130.227] Build Operating System: Linux Arch Linux
[   130.227] Current Operating System: Linux arch 5.10.13-arch1-2 #1 SMP PREEMPT Sat, 06 Feb 2021 11:07:29 +0000 x86_64
[   130.227] Kernel command line: BOOT_IMAGE=/vmlinuz-linux root=UUID=54751117-7307-4cf4-885b-591b6f79c497 rw loglevel=3 quiet
[   130.227] Build Date: 14 December 2020  12:10:29PM
[   130.227]  
[   130.228] Current version of pixman: 0.40.0
[   130.228] 	Before reporting problems, check http://wiki.x.org
	to make sure that you have the latest version.
[   130.228] Markers: (--) probed, (**) from config file, (==) default setting,
	(++) from command line, (!!) notice, (II) informational,
	(WW) warning, (EE) error, (NI) not implemented, (??) unknown.
[   130.229] (==) Log file: "/home/yash/.local/share/xorg/Xorg.0.log", Time: Tue Feb  9 17:57:56 2021
[   130.229] (==) Using config file: "/etc/X11/xorg.conf"
[   130.229] (==) Using config directory: "/etc/X11/xorg.conf.d"
[   130.230] (==) Using system config directory "/usr/share/X11/xorg.conf.d"
[   130.230] Parse error on line 1 of section Device in file /etc/X11/xorg.conf
	"/etc/X11/xorg.conf" is not a valid keyword in this section.
[   130.231] (EE) 
[   130.231] (EE) Backtrace:
[   130.231] (EE) 0: /usr/lib/Xorg (xorg_backtrace+0x53) [0x56426291ff63]
[   130.231] (EE) 1: /usr/lib/Xorg (0x5642627d9000+0x151da5) [0x56426292ada5]
[   130.232] (EE) 2: /usr/lib/libc.so.6 (0x7faa5c64c000+0x3cf80) [0x7faa5c688f80]
[   130.232] (EE) 3: /usr/lib/libc.so.6 (gsignal+0x145) [0x7faa5c688ef5]
[   130.232] (EE) 4: /usr/lib/libc.so.6 (abort+0x116) [0x7faa5c672862]
[   130.233] (EE) 5: /usr/lib/libc.so.6 (0x7faa5c64c000+0x7ef78) [0x7faa5c6caf78]
[   130.233] (EE) 6: /usr/lib/libc.so.6 (0x7faa5c64c000+0x86c2a) [0x7faa5c6d2c2a]
[   130.233] (EE) 7: /usr/lib/libc.so.6 (0x7faa5c64c000+0x88708) [0x7faa5c6d4708]
[   130.234] (EE) 8: /usr/lib/libc.so.6 (cfree+0x68) [0x7faa5c6d7ce8]
[   130.234] (EE) 9: /usr/lib/Xorg (xf86optionListFree+0x21) [0x56426297f2f1]
[   130.234] (EE) 10: /usr/lib/Xorg (0x5642627d9000+0x1a5943) [0x56426297e943]
[   130.234] (EE) 11: /usr/lib/Xorg (0x5642627d9000+0x1a9788) [0x564262982788]
[   130.235] (EE) 12: /usr/lib/Xorg (0x5642627d9000+0x1639c4) [0x56426293c9c4]
[   130.235] (EE) 13: /usr/lib/Xorg (InitOutput+0x1cc6) [0x564262947666]
[   130.235] (EE) 14: /usr/lib/Xorg (0x5642627d9000+0x39456) [0x564262812456]
[   130.236] (EE) 15: /usr/lib/libc.so.6 (__libc_start_main+0xd5) [0x7faa5c673b25]
[   130.236] (EE) 16: /usr/lib/Xorg (_start+0x2e) [0x5642628135de]
[   130.236] (EE) 
[   130.236] (EE) 
Fatal server error:
[   130.236] (EE) Caught signal 6 (Aborted). Server aborting
[   130.237] (EE) 
[   130.237] (EE) 
Please consult the The X.Org Foundation support 
	 at http://wiki.x.org
 for help. 
[   130.237] (EE) Please also check the log file at "/home/yash/.local/share/xorg/Xorg.0.log" for additional information.
[   130.237] (EE) 
[   130.238] (EE) Server terminated with error (1). Closing log file.
